2026-03-31T09:49:30.072194Z  INFO tailwindcss_oxide::scanner: Provided sources:
2026-03-31T09:49:30.072477Z  INFO tailwindcss_oxide::scanner: Source: PublicSourceEntry { base: "D:\\Tech_mentor\\iit-mentor-connect", pattern: "**/*", negated: false }
2026-03-31T09:49:30.073657Z  INFO tailwindcss_oxide::scanner: Optimized sources:
2026-03-31T09:49:30.073717Z  INFO tailwindcss_oxide::scanner: Source: Auto { base: "D:\\Tech_mentor\\iit-mentor-connect" }
2026-03-31T09:49:30.076217Z  INFO discover_sources: tailwindcss_oxide::scanner: enter
2026-03-31T09:49:30.076265Z  INFO discover_sources:walk_synchronous: tailwindcss_oxide::scanner: enter
2026-03-31T09:49:30.132098Z  INFO discover_sources:walk_synchronous: tailwindcss_oxide::scanner: exit
2026-03-31T09:49:30.133893Z  INFO tailwindcss_oxide::scanner: Reading "D:\\Tech_mentor\\iit-mentor-connect\\.env.example"
2026-03-31T09:49:30.134168Z  INFO tailwindcss_oxide::scanner: Reading "D:\\Tech_mentor\\iit-mentor-connect\\app\\api\\bookings\\my\\route.ts"
2026-03-31T09:49:30.134290Z  INFO tailwindcss_oxide::scanner: Reading "D:\\Tech_mentor\\iit-mentor-connect\\app\\(mentor)\\mentor\\profile\\page.tsx"
2026-03-31T09:49:30.134345Z  INFO tailwindcss_oxide::scanner: Reading "D:\\Tech_mentor\\iit-mentor-connect\\components\\booking\\StartSessionOTP.tsx"
2026-03-31T09:49:30.134388Z  INFO tailwindcss_oxide::scanner: Reading "D:\\Tech_mentor\\iit-mentor-connect\\app\\(admin)\\admin\\applications\\page.tsx"
2026-03-31T09:49:30.134426Z  INFO tailwindcss_oxide::scanner: Reading "D:\\Tech_mentor\\iit-mentor-connect\\app\\(public)\\layout.tsx"
2026-03-31T09:49:30.134569Z  INFO tailwindcss_oxide::scanner: Reading "D:\\Tech_mentor\\iit-mentor-connect\\app\\(admin)\\admin\\bookings\\page.tsx"
2026-03-31T09:49:30.134627Z  INFO tailwindcss_oxide::scanner: Reading "D:\\Tech_mentor\\iit-mentor-connect\\app\\api\\bookings\\rate\\route.ts"
2026-03-31T09:49:30.134709Z  INFO tailwindcss_oxide::scanner: Reading "D:\\Tech_mentor\\iit-mentor-connect\\app\\(admin)\\admin\\users\\page.tsx"
2026-03-31T09:49:30.134817Z  INFO tailwindcss_oxide::scanner: Reading "D:\\Tech_mentor\\iit-mentor-connect\\app\\(auth)\\bookings\\[bookingId]\\page.tsx"
2026-03-31T09:49:30.134836Z  INFO tailwindcss_oxide::scanner: Reading "D:\\Tech_mentor\\iit-mentor-connect\\app\\(public)\\mentors\\page.tsx"
2026-03-31T09:49:30.134877Z  INFO tailwindcss_oxide::scanner: Reading "D:\\Tech_mentor\\iit-mentor-connect\\app\\(admin)\\admin\\page.tsx"
2026-03-31T09:49:30.134897Z  INFO tailwindcss_oxide::scanner: Reading "D:\\Tech_mentor\\iit-mentor-connect\\components\\booking\\VerifySessionOTP.tsx"
2026-03-31T09:49:30.134841Z  INFO tailwindcss_oxide::scanner: Reading "D:\\Tech_mentor\\iit-mentor-connect\\app\\(admin)\\layout.tsx"
2026-03-31T09:49:30.135008Z  INFO tailwindcss_oxide::scanner: Reading "D:\\Tech_mentor\\iit-mentor-connect\\app\\(mentor)\\apply\\status\\page.tsx"
2026-03-31T09:49:30.135031Z  INFO tailwindcss_oxide::scanner: Reading "D:\\Tech_mentor\\iit-mentor-connect\\app\\(mentor)\\mentor\\bookings\\page.tsx"
2026-03-31T09:49:30.135147Z  INFO tailwindcss_oxide::scanner: Reading "D:\\Tech_mentor\\iit-mentor-connect\\app\\(mentor)\\layout.tsx"
2026-03-31T09:49:30.135151Z  INFO tailwindcss_oxide::scanner: Reading "D:\\Tech_mentor\\iit-mentor-connect\\app\\api\\payments\\create-order\\route.ts"
2026-03-31T09:49:30.135163Z  INFO tailwindcss_oxide::scanner: Reading "D:\\Tech_mentor\\iit-mentor-connect\\app\\(auth)\\dashboard\\page.tsx"
2026-03-31T09:49:30.135225Z  INFO tailwindcss_oxide::scanner: Reading "D:\\Tech_mentor\\iit-mentor-connect\\app\\api\\admin\\bookings\\route.ts"
2026-03-31T09:49:30.135199Z  INFO tailwindcss_oxide::scanner: Reading "D:\\Tech_mentor\\iit-mentor-connect\\app\\api\\bookings\\verify-otp\\route.ts"
2026-03-31T09:49:30.135304Z  INFO tailwindcss_oxide::scanner: Reading "D:\\Tech_mentor\\iit-mentor-connect\\app\\(public)\\mentors\\[mentorId]\\page.tsx"
2026-03-31T09:49:30.135352Z  INFO tailwindcss_oxide::scanner: Reading "D:\\Tech_mentor\\iit-mentor-connect\\app\\(mentor)\\mentor\\dashboard\\page.tsx"
2026-03-31T09:49:30.135367Z  INFO tailwindcss_oxide::scanner: Reading "D:\\Tech_mentor\\iit-mentor-connect\\lib\\validators\\otp.validator.ts"
2026-03-31T09:49:30.135417Z  INFO tailwindcss_oxide::scanner: Reading "D:\\Tech_mentor\\iit-mentor-connect\\components\\dashboard\\PastSessionsWidget.tsx"
2026-03-31T09:49:30.135430Z  INFO tailwindcss_oxide::scanner: Reading "D:\\Tech_mentor\\iit-mentor-connect\\app\\(public)\\page.tsx"
2026-03-31T09:49:30.135437Z  INFO tailwindcss_oxide::scanner: Reading "D:\\Tech_mentor\\iit-mentor-connect\\app\\(auth)\\book\\[mentorId]\\page.tsx"
2026-03-31T09:49:30.135552Z  INFO tailwindcss_oxide::scanner: Reading "D:\\Tech_mentor\\iit-mentor-connect\\lib\\validators\\payment.validator.ts"
2026-03-31T09:49:30.135556Z  INFO tailwindcss_oxide::scanner: Reading "D:\\Tech_mentor\\iit-mentor-connect\\app\\api\\admin\\applications\\route.ts"
2026-03-31T09:49:30.135557Z  INFO tailwindcss_oxide::scanner: Reading "D:\\Tech_mentor\\iit-mentor-connect\\app\\(auth)\\layout.tsx"
2026-03-31T09:49:30.135610Z  INFO tailwindcss_oxide::scanner: Reading "D:\\Tech_mentor\\iit-mentor-connect\\app\\(auth)\\bookings\\page.tsx"
2026-03-31T09:49:30.135641Z  INFO tailwindcss_oxide::scanner: Reading "D:\\Tech_mentor\\iit-mentor-connect\\hooks\\useDebounce.ts"
2026-03-31T09:49:30.135272Z  INFO tailwindcss_oxide::scanner: Reading "D:\\Tech_mentor\\iit-mentor-connect\\app\\api\\auth\\[...nextauth]\\route.ts"
2026-03-31T09:49:30.135686Z  INFO tailwindcss_oxide::scanner: Reading "D:\\Tech_mentor\\iit-mentor-connect\\app\\api\\admin\\applications\\[applicationId]\\approve\\route.ts"
2026-03-31T09:49:30.135693Z  INFO tailwindcss_oxide::scanner: Reading "D:\\Tech_mentor\\iit-mentor-connect\\app\\api\\bookings\\[bookingId]\\route.ts"
2026-03-31T09:49:30.135752Z  INFO tailwindcss_oxide::scanner: Reading "D:\\Tech_mentor\\iit-mentor-connect\\components\\mentor\\MentorCardSkeleton.tsx"
2026-03-31T09:49:30.135754Z  INFO tailwindcss_oxide::scanner: Reading "D:\\Tech_mentor\\iit-mentor-connect\\components\\dashboard\\StatsCard.tsx"
2026-03-31T09:49:30.135827Z  INFO tailwindcss_oxide::scanner: Reading "D:\\Tech_mentor\\iit-mentor-connect\\app\\api\\admin\\bookings\\[bookingId]\\complete\\route.ts"
2026-03-31T09:49:30.135837Z  INFO tailwindcss_oxide::scanner: Reading "D:\\Tech_mentor\\iit-mentor-connect\\app\\api\\payments\\verify\\route.ts"
2026-03-31T09:49:30.135879Z  INFO tailwindcss_oxide::scanner: Reading "D:\\Tech_mentor\\iit-mentor-connect\\components\\mentor\\MentorFilters.tsx"
2026-03-31T09:49:30.135907Z  INFO tailwindcss_oxide::scanner: Reading "D:\\Tech_mentor\\iit-mentor-connect\\middleware.ts"
2026-03-31T09:49:30.135938Z  INFO tailwindcss_oxide::scanner: Reading "D:\\Tech_mentor\\iit-mentor-connect\\app\\api\\admin\\applications\\[applicationId]\\reject\\route.ts"
2026-03-31T09:49:30.135950Z  INFO tailwindcss_oxide::scanner: Reading "D:\\Tech_mentor\\iit-mentor-connect\\app\\api\\bookings\\cancel\\route.ts"
2026-03-31T09:49:30.136020Z  INFO tailwindcss_oxide::scanner: Reading "D:\\Tech_mentor\\iit-mentor-connect\\app\\(mentor)\\apply\\page.tsx"
2026-03-31T09:49:30.136033Z  INFO tailwindcss_oxide::scanner: Reading "D:\\Tech_mentor\\iit-mentor-connect\\next-env.d.ts"
2026-03-31T09:49:30.136066Z  INFO tailwindcss_oxide::scanner: Reading "D:\\Tech_mentor\\iit-mentor-connect\\hooks\\useMentorDashboard.ts"
2026-03-31T09:49:30.136100Z  INFO tailwindcss_oxide::scanner: Reading "D:\\Tech_mentor\\iit-mentor-connect\\app\\api\\admin\\users\\route.ts"
2026-03-31T09:49:30.136082Z  INFO tailwindcss_oxide::scanner: Reading "D:\\Tech_mentor\\iit-mentor-connect\\app\\api\\cron\\complete-bookings\\route.ts"
2026-03-31T09:49:30.136167Z  INFO tailwindcss_oxide::scanner: Reading "D:\\Tech_mentor\\iit-mentor-connect\\next.config.ts"
2026-03-31T09:49:30.136171Z  INFO tailwindcss_oxide::scanner: Reading "D:\\Tech_mentor\\iit-mentor-connect\\app\\api\\webhooks\\calendly\\route.ts"
2026-03-31T09:49:30.136091Z  INFO tailwindcss_oxide::scanner: Reading "D:\\Tech_mentor\\iit-mentor-connect\\components\\mentor\\MentorGrid.tsx"
2026-03-31T09:49:30.136285Z  INFO tailwindcss_oxide::scanner: Reading "D:\\Tech_mentor\\iit-mentor-connect\\package.json"
2026-03-31T09:49:30.136331Z  INFO tailwindcss_oxide::scanner: Reading "D:\\Tech_mentor\\iit-mentor-connect\\constants\\bookingStatus.ts"
2026-03-31T09:49:30.136337Z  INFO tailwindcss_oxide::scanner: Reading "D:\\Tech_mentor\\iit-mentor-connect\\app\\api\\auth\\me\\route.ts"
2026-03-31T09:49:30.136329Z  INFO tailwindcss_oxide::scanner: Reading "D:\\Tech_mentor\\iit-mentor-connect\\components\\mentor\\MentorCard.tsx"
2026-03-31T09:49:30.136444Z  INFO tailwindcss_oxide::scanner: Reading "D:\\Tech_mentor\\iit-mentor-connect\\payload.json"
2026-03-31T09:49:30.136458Z  INFO tailwindcss_oxide::scanner: Reading "D:\\Tech_mentor\\iit-mentor-connect\\hooks\\useMentors.ts"
2026-03-31T09:49:30.136472Z  INFO tailwindcss_oxide::scanner: Reading "D:\\Tech_mentor\\iit-mentor-connect\\components\\dashboard\\UpcomingSessionsWidget.tsx"
2026-03-31T09:49:30.136478Z  INFO tailwindcss_oxide::scanner: Reading "D:\\Tech_mentor\\iit-mentor-connect\\app\\api\\bookings\\complete\\route.ts"
2026-03-31T09:49:30.136511Z  INFO tailwindcss_oxide::scanner: Reading "D:\\Tech_mentor\\iit-mentor-connect\\app\\api\\webhooks\\razorpay\\route.ts"
2026-03-31T09:49:30.136568Z  INFO tailwindcss_oxide::scanner: Reading "D:\\Tech_mentor\\iit-mentor-connect\\postcss.config.mjs"
2026-03-31T09:49:30.136620Z  INFO tailwindcss_oxide::scanner: Reading "D:\\Tech_mentor\\iit-mentor-connect\\app\\api\\cron\\expire-pending-bookings\\route.ts"
2026-03-31T09:49:30.136635Z  INFO tailwindcss_oxide::scanner: Reading "D:\\Tech_mentor\\iit-mentor-connect\\lib\\prisma.ts"
2026-03-31T09:49:30.136710Z  INFO tailwindcss_oxide::scanner: Reading "D:\\Tech_mentor\\iit-mentor-connect\\app\\api\\bookings\\create\\route.ts"
2026-03-31T09:49:30.136646Z  INFO tailwindcss_oxide::scanner: Reading "D:\\Tech_mentor\\iit-mentor-connect\\constants\\iitOptions.ts"
2026-03-31T09:49:30.136807Z  INFO tailwindcss_oxide::scanner: Reading "D:\\Tech_mentor\\iit-mentor-connect\\lib\\razorpay.ts"
2026-03-31T09:49:30.136838Z  INFO tailwindcss_oxide::scanner: Reading "D:\\Tech_mentor\\iit-mentor-connect\\constants\\roles.ts"
2026-03-31T09:49:30.136862Z  INFO tailwindcss_oxide::scanner: Reading "D:\\Tech_mentor\\iit-mentor-connect\\prisma\\schema.prisma"
2026-03-31T09:49:30.136867Z  INFO tailwindcss_oxide::scanner: Reading "D:\\Tech_mentor\\iit-mentor-connect\\components\\layout\\PublicNavbar.tsx"
2026-03-31T09:49:30.136874Z  INFO tailwindcss_oxide::scanner: Reading "D:\\Tech_mentor\\iit-mentor-connect\\app\\api\\bookings\\generate-otp\\route.ts"
2026-03-31T09:49:30.136879Z  INFO tailwindcss_oxide::scanner: Reading "D:\\Tech_mentor\\iit-mentor-connect\\constants\\pricing.ts"
2026-03-31T09:49:30.136956Z  INFO tailwindcss_oxide::scanner: Reading "D:\\Tech_mentor\\iit-mentor-connect\\app\\page.tsx"
2026-03-31T09:49:30.137057Z  INFO tailwindcss_oxide::scanner: Reading "D:\\Tech_mentor\\iit-mentor-connect\\app\\error.tsx"
2026-03-31T09:49:30.137188Z  INFO tailwindcss_oxide::scanner: Reading "D:\\Tech_mentor\\iit-mentor-connect\\app\\api\\debug\\create-mentor\\route.ts"
2026-03-31T09:49:30.137201Z  INFO tailwindcss_oxide::scanner: Reading "D:\\Tech_mentor\\iit-mentor-connect\\prisma.config.ts"
2026-03-31T09:49:30.137247Z  INFO tailwindcss_oxide::scanner: Reading "D:\\Tech_mentor\\iit-mentor-connect\\lib\\api-response.ts"
2026-03-31T09:49:30.137261Z  INFO tailwindcss_oxide::scanner: Reading "D:\\Tech_mentor\\iit-mentor-connect\\app\\api\\dashboard\\mentor\\route.ts"
2026-03-31T09:49:30.137266Z  INFO tailwindcss_oxide::scanner: Reading "D:\\Tech_mentor\\iit-mentor-connect\\lib\\security.ts"
2026-03-31T09:49:30.137290Z  INFO tailwindcss_oxide::scanner: Reading "D:\\Tech_mentor\\iit-mentor-connect\\app\\providers.tsx"
2026-03-31T09:49:30.137350Z  INFO tailwindcss_oxide::scanner: Reading "D:\\Tech_mentor\\iit-mentor-connect\\app\\layout.tsx"
2026-03-31T09:49:30.137341Z  INFO tailwindcss_oxide::scanner: Reading "D:\\Tech_mentor\\iit-mentor-connect\\public\\file.svg"
2026-03-31T09:49:30.137417Z  INFO tailwindcss_oxide::scanner: Reading "D:\\Tech_mentor\\iit-mentor-connect\\app\\api\\me\\bookings\\route.ts"
2026-03-31T09:49:30.137444Z  INFO tailwindcss_oxide::scanner: Reading "D:\\Tech_mentor\\iit-mentor-connect\\db_pull_error.txt"
2026-03-31T09:49:30.137353Z  INFO tailwindcss_oxide::scanner: Reading "D:\\Tech_mentor\\iit-mentor-connect\\hooks\\useStudentDashboard.ts"
2026-03-31T09:49:30.137293Z  INFO tailwindcss_oxide::scanner: Reading "D:\\Tech_mentor\\iit-mentor-connect\\lib\\cron-auth.ts"
2026-03-31T09:49:30.137518Z  INFO tailwindcss_oxide::scanner: Reading "D:\\Tech_mentor\\iit-mentor-connect\\app\\loading.tsx"
2026-03-31T09:49:30.137557Z  INFO tailwindcss_oxide::scanner: Reading "D:\\Tech_mentor\\iit-mentor-connect\\components\\auth\\LogoutButton.tsx"
2026-03-31T09:49:30.137675Z  INFO tailwindcss_oxide::scanner: Reading "D:\\Tech_mentor\\iit-mentor-connect\\app\\not-found.tsx"
2026-03-31T09:49:30.137697Z  INFO tailwindcss_oxide::scanner: Reading "D:\\Tech_mentor\\iit-mentor-connect\\components\\layout\\PublicFooter.tsx"
2026-03-31T09:49:30.137753Z  INFO tailwindcss_oxide::scanner: Reading "D:\\Tech_mentor\\iit-mentor-connect\\app\\api\\mentors\\apply\\route.ts"
2026-03-31T09:49:30.137764Z  INFO tailwindcss_oxide::scanner: Reading "D:\\Tech_mentor\\iit-mentor-connect\\app\\api\\me\\profile\\route.ts"
2026-03-31T09:49:30.137838Z  INFO tailwindcss_oxide::scanner: Reading "D:\\Tech_mentor\\iit-mentor-connect\\lib\\session.ts"
2026-03-31T09:49:30.137863Z  INFO tailwindcss_oxide::scanner: Reading "D:\\Tech_mentor\\iit-mentor-connect\\app\\signin\\page.tsx"
2026-03-31T09:49:30.137884Z  INFO tailwindcss_oxide::scanner: Reading "D:\\Tech_mentor\\iit-mentor-connect\\lib\\hmac.ts"
2026-03-31T09:49:30.137883Z  INFO tailwindcss_oxide::scanner: Reading "D:\\Tech_mentor\\iit-mentor-connect\\app\\api\\mentors\\application-status\\route.ts"
2026-03-31T09:49:30.137989Z  INFO tailwindcss_oxide::scanner: Reading "D:\\Tech_mentor\\iit-mentor-connect\\components\\booking\\CompletePaymentButton.tsx"
2026-03-31T09:49:30.138004Z  INFO tailwindcss_oxide::scanner: Reading "D:\\Tech_mentor\\iit-mentor-connect\\components\\booking\\BookingFlow.tsx"
2026-03-31T09:49:30.138032Z  INFO tailwindcss_oxide::scanner: Reading "D:\\Tech_mentor\\iit-mentor-connect\\lib\\auth.ts"
2026-03-31T09:49:30.138059Z  INFO tailwindcss_oxide::scanner: Reading "D:\\Tech_mentor\\iit-mentor-connect\\lib\\utils.ts"
2026-03-31T09:49:30.138061Z  INFO tailwindcss_oxide::scanner: Reading "D:\\Tech_mentor\\iit-mentor-connect\\check-db.js"
2026-03-31T09:49:30.138122Z  INFO tailwindcss_oxide::scanner: Reading "D:\\Tech_mentor\\iit-mentor-connect\\components\\booking\\RateSession.tsx"
2026-03-31T09:49:30.138159Z  INFO tailwindcss_oxide::scanner: Reading "D:\\Tech_mentor\\iit-mentor-connect\\app\\api\\mentors\\[mentorId]\\availability\\route.ts"
2026-03-31T09:49:30.138206Z  INFO tailwindcss_oxide::scanner: Reading "D:\\Tech_mentor\\iit-mentor-connect\\app\\api\\mentors\\route.ts"
2026-03-31T09:49:30.138207Z  INFO tailwindcss_oxide::scanner: Reading "D:\\Tech_mentor\\iit-mentor-connect\\lib\\supabase.ts"
2026-03-31T09:49:30.138284Z  INFO tailwindcss_oxide::scanner: Reading "D:\\Tech_mentor\\iit-mentor-connect\\services\\admin.service.ts"
2026-03-31T09:49:30.138264Z  INFO tailwindcss_oxide::scanner: Reading "D:\\Tech_mentor\\iit-mentor-connect\\app\\api\\dashboard\\student\\route.ts"
2026-03-31T09:49:30.138365Z  INFO tailwindcss_oxide::scanner: Reading "D:\\Tech_mentor\\iit-mentor-connect\\app\\api\\mentors\\[mentorId]\\route.ts"
2026-03-31T09:49:30.138409Z  INFO tailwindcss_oxide::scanner: Reading "D:\\Tech_mentor\\iit-mentor-connect\\public\\window.svg"
2026-03-31T09:49:30.138429Z  INFO tailwindcss_oxide::scanner: Reading "D:\\Tech_mentor\\iit-mentor-connect\\lib\\validators\\booking.validator.ts"
2026-03-31T09:49:30.138432Z  INFO tailwindcss_oxide::scanner: Reading "D:\\Tech_mentor\\iit-mentor-connect\\tsconfig.tsbuildinfo"
2026-03-31T09:49:30.138372Z  INFO tailwindcss_oxide::scanner: Reading "D:\\Tech_mentor\\iit-mentor-connect\\types\\mentor.types.ts"
2026-03-31T09:49:30.138477Z  INFO tailwindcss_oxide::scanner: Reading "D:\\Tech_mentor\\iit-mentor-connect\\services\\mentor.service.ts"
2026-03-31T09:49:30.138500Z  INFO tailwindcss_oxide::scanner: Reading "D:\\Tech_mentor\\iit-mentor-connect\\README.md"
2026-03-31T09:49:30.138576Z  INFO tailwindcss_oxide::scanner: Reading "D:\\Tech_mentor\\iit-mentor-connect\\public\\globe.svg"
2026-03-31T09:49:30.138625Z  INFO tailwindcss_oxide::scanner: Reading "D:\\Tech_mentor\\iit-mentor-connect\\public\\next.svg"
2026-03-31T09:49:30.138675Z  INFO tailwindcss_oxide::scanner: Reading "D:\\Tech_mentor\\iit-mentor-connect\\lib\\validators\\admin.validator.ts"
2026-03-31T09:49:30.138758Z  INFO tailwindcss_oxide::scanner: Reading "D:\\Tech_mentor\\iit-mentor-connect\\services\\application.service.ts"
2026-03-31T09:49:30.138872Z  INFO tailwindcss_oxide::scanner: Reading "D:\\Tech_mentor\\iit-mentor-connect\\services\\dashboard.service.ts"
2026-03-31T09:49:30.138881Z  INFO tailwindcss_oxide::scanner: Reading "D:\\Tech_mentor\\iit-mentor-connect\\lib\\validators\\mentor.validator.ts"
2026-03-31T09:49:30.138908Z  INFO tailwindcss_oxide::scanner: Reading "D:\\Tech_mentor\\iit-mentor-connect\\tsconfig.json"
2026-03-31T09:49:30.138927Z  INFO tailwindcss_oxide::scanner: Reading "D:\\Tech_mentor\\iit-mentor-connect\\services\\payment.service.ts"
2026-03-31T09:49:30.138889Z  INFO tailwindcss_oxide::scanner: Reading "D:\\Tech_mentor\\iit-mentor-connect\\services\\booking.service.ts"
2026-03-31T09:49:30.138901Z  INFO tailwindcss_oxide::scanner: Reading "D:\\Tech_mentor\\iit-mentor-connect\\types\\api.types.ts"
2026-03-31T09:49:30.139016Z  INFO tailwindcss_oxide::scanner: Reading "D:\\Tech_mentor\\iit-mentor-connect\\types\\next-auth.d.ts"
2026-03-31T09:49:30.139063Z  INFO tailwindcss_oxide::scanner: Reading "D:\\Tech_mentor\\iit-mentor-connect\\types\\user.types.ts"
2026-03-31T09:49:30.139066Z  INFO tailwindcss_oxide::scanner: Reading "D:\\Tech_mentor\\iit-mentor-connect\\scripts\\seed-otp-booking.ts"
2026-03-31T09:49:30.139089Z  INFO tailwindcss_oxide::scanner: Reading "D:\\Tech_mentor\\iit-mentor-connect\\types\\index.ts"
2026-03-31T09:49:30.139092Z  INFO tailwindcss_oxide::scanner: Reading "D:\\Tech_mentor\\iit-mentor-connect\\public\\vercel.svg"
2026-03-31T09:49:30.139122Z  INFO tailwindcss_oxide::scanner: Reading "D:\\Tech_mentor\\iit-mentor-connect\\vercel.json"
2026-03-31T09:49:30.139167Z  INFO tailwindcss_oxide::scanner: Reading "D:\\Tech_mentor\\iit-mentor-connect\\types\\booking.types.ts"
2026-03-31T09:49:30.139168Z  INFO tailwindcss_oxide::scanner: Reading "D:\\Tech_mentor\\iit-mentor-connect\\services\\webhook.service.ts"
2026-03-31T09:49:30.139197Z  INFO tailwindcss_oxide::scanner: Reading "D:\\Tech_mentor\\iit-mentor-connect\\types\\payment.types.ts"
2026-03-31T09:49:30.139549Z  INFO tailwindcss_oxide::scanner: Reading "D:\\Tech_mentor\\iit-mentor-connect\\components\\booking\\CompleteSessionButton.tsx"
2026-03-31T09:49:30.139852Z  INFO discover_sources: tailwindcss_oxide::scanner: exit
2026-03-31T09:49:30.139878Z  INFO extract_candidates: tailwindcss_oxide::scanner: enter
2026-03-31T09:49:30.139883Z  INFO extract_candidates:parse_all_blobs: tailwindcss_oxide::scanner: enter
2026-03-31T09:49:30.139889Z  INFO extract_candidates:parse_all_blobs:extract: tailwindcss_oxide::scanner: enter
2026-03-31T09:49:30.155659Z  INFO extract_candidates:parse_all_blobs:extract: tailwindcss_oxide::scanner: exit
2026-03-31T09:49:30.155855Z  INFO extract_candidates:parse_all_blobs: tailwindcss_oxide::scanner: exit
2026-03-31T09:49:30.155872Z  INFO extract_candidates:read_all_files: tailwindcss_oxide::scanner: enter
2026-03-31T09:49:30.155881Z  INFO extract_candidates:read_all_files: tailwindcss_oxide::scanner: Reading 2 file(s)
2026-03-31T09:49:30.156211Z  INFO tailwindcss_oxide::scanner: Reading "D:\\Tech_mentor\\iit-mentor-connect\\app\\(mentor)\\apply\\apply.css"
2026-03-31T09:49:30.156280Z  INFO tailwindcss_oxide::scanner: Reading "D:\\Tech_mentor\\iit-mentor-connect\\app\\globals.css"
2026-03-31T09:49:30.156387Z  INFO extract_candidates:read_all_files: tailwindcss_oxide::scanner: exit
2026-03-31T09:49:30.156427Z  INFO extract_candidates:extract_css_variables: tailwindcss_oxide::scanner: enter
2026-03-31T09:49:30.156472Z  INFO extract_candidates:extract_css_variables:extract: tailwindcss_oxide::scanner: enter
2026-03-31T09:49:30.156706Z  INFO extract_candidates:extract_css_variables:extract: tailwindcss_oxide::scanner: exit
2026-03-31T09:49:30.156729Z  INFO extract_candidates:extract_css_variables: tailwindcss_oxide::scanner: exit
2026-03-31T09:49:30.157224Z  INFO extract_candidates: tailwindcss_oxide::scanner: exit
2026-03-31T09:49:30.157988Z  INFO get_files: tailwindcss_oxide::scanner: enter
2026-03-31T09:49:30.157997Z  INFO get_files:discover_sources: tailwindcss_oxide::scanner: enter
2026-03-31T09:49:30.158001Z  INFO get_files:discover_sources: tailwindcss_oxide::scanner: exit
2026-03-31T09:49:30.158257Z  INFO get_files: tailwindcss_oxide::scanner: exit
2026-03-31T09:49:30.159900Z  INFO get_globs: tailwindcss_oxide::scanner: enter
2026-03-31T09:49:30.159921Z  INFO get_globs:discover_sources: tailwindcss_oxide::scanner: enter
2026-03-31T09:49:30.159927Z  INFO get_globs:discover_sources: tailwindcss_oxide::scanner: exit
2026-03-31T09:49:30.191537Z  INFO get_globs: tailwindcss_oxide::scanner: exit
