2026-03-31T09:28:12.051208Z  INFO tailwindcss_oxide::scanner: Provided sources:
2026-03-31T09:28:12.051769Z  INFO tailwindcss_oxide::scanner: Source: PublicSourceEntry { base: "D:\\Tech_mentor\\iit-mentor-connect", pattern: "**/*", negated: false }
2026-03-31T09:28:12.052912Z  INFO tailwindcss_oxide::scanner: Optimized sources:
2026-03-31T09:28:12.052936Z  INFO tailwindcss_oxide::scanner: Source: Auto { base: "D:\\Tech_mentor\\iit-mentor-connect" }
2026-03-31T09:28:12.057031Z  INFO discover_sources: tailwindcss_oxide::scanner: enter
2026-03-31T09:28:12.057094Z  INFO discover_sources:walk_synchronous: tailwindcss_oxide::scanner: enter
2026-03-31T09:28:12.111720Z  INFO discover_sources:walk_synchronous: tailwindcss_oxide::scanner: exit
2026-03-31T09:28:12.112795Z  INFO tailwindcss_oxide::scanner: Reading "D:\\Tech_mentor\\iit-mentor-connect\\components\\booking\\RateSession.tsx"
2026-03-31T09:28:12.112802Z  INFO tailwindcss_oxide::scanner: Reading "D:\\Tech_mentor\\iit-mentor-connect\\services\\admin.service.ts"
2026-03-31T09:28:12.112795Z  INFO tailwindcss_oxide::scanner: Reading "D:\\Tech_mentor\\iit-mentor-connect\\app\\api\\bookings\\generate-otp\\route.ts"
2026-03-31T09:28:12.112955Z  INFO tailwindcss_oxide::scanner: Reading "D:\\Tech_mentor\\iit-mentor-connect\\components\\booking\\StartSessionOTP.tsx"
2026-03-31T09:28:12.112958Z  INFO tailwindcss_oxide::scanner: Reading "D:\\Tech_mentor\\iit-mentor-connect\\lib\\validators\\payment.validator.ts"
2026-03-31T09:28:12.112980Z  INFO tailwindcss_oxide::scanner: Reading "D:\\Tech_mentor\\iit-mentor-connect\\app\\api\\webhooks\\razorpay\\route.ts"
2026-03-31T09:28:12.112977Z  INFO tailwindcss_oxide::scanner: Reading "D:\\Tech_mentor\\iit-mentor-connect\\app\\api\\mentors\\[mentorId]\\route.ts"
2026-03-31T09:28:12.113013Z  INFO tailwindcss_oxide::scanner: Reading "D:\\Tech_mentor\\iit-mentor-connect\\app\\api\\bookings\\my\\route.ts"
2026-03-31T09:28:12.113026Z  INFO tailwindcss_oxide::scanner: Reading "D:\\Tech_mentor\\iit-mentor-connect\\services\\mentor.service.ts"
2026-03-31T09:28:12.113029Z  INFO tailwindcss_oxide::scanner: Reading "D:\\Tech_mentor\\iit-mentor-connect\\app\\not-found.tsx"
2026-03-31T09:28:12.113066Z  INFO tailwindcss_oxide::scanner: Reading "D:\\Tech_mentor\\iit-mentor-connect\\tsconfig.tsbuildinfo"
2026-03-31T09:28:12.113078Z  INFO tailwindcss_oxide::scanner: Reading "D:\\Tech_mentor\\iit-mentor-connect\\components\\booking\\VerifySessionOTP.tsx"
2026-03-31T09:28:12.113107Z  INFO tailwindcss_oxide::scanner: Reading "D:\\Tech_mentor\\iit-mentor-connect\\.env.example"
2026-03-31T09:28:12.113149Z  INFO tailwindcss_oxide::scanner: Reading "D:\\Tech_mentor\\iit-mentor-connect\\app\\api\\bookings\\rate\\route.ts"
2026-03-31T09:28:12.113165Z  INFO tailwindcss_oxide::scanner: Reading "D:\\Tech_mentor\\iit-mentor-connect\\services\\booking.service.ts"
2026-03-31T09:28:12.113165Z  INFO tailwindcss_oxide::scanner: Reading "D:\\Tech_mentor\\iit-mentor-connect\\app\\api\\payments\\verify\\route.ts"
2026-03-31T09:28:12.113201Z  INFO tailwindcss_oxide::scanner: Reading "D:\\Tech_mentor\\iit-mentor-connect\\services\\application.service.ts"
2026-03-31T09:28:12.113170Z  INFO tailwindcss_oxide::scanner: Reading "D:\\Tech_mentor\\iit-mentor-connect\\app\\error.tsx"
2026-03-31T09:28:12.113300Z  INFO tailwindcss_oxide::scanner: Reading "D:\\Tech_mentor\\iit-mentor-connect\\middleware.ts"
2026-03-31T09:28:12.113319Z  INFO tailwindcss_oxide::scanner: Reading "D:\\Tech_mentor\\iit-mentor-connect\\app\\api\\bookings\\verify-otp\\route.ts"
2026-03-31T09:28:12.113356Z  INFO tailwindcss_oxide::scanner: Reading "D:\\Tech_mentor\\iit-mentor-connect\\services\\payment.service.ts"
2026-03-31T09:28:12.113376Z  INFO tailwindcss_oxide::scanner: Reading "D:\\Tech_mentor\\iit-mentor-connect\\services\\dashboard.service.ts"
2026-03-31T09:28:12.113364Z  INFO tailwindcss_oxide::scanner: Reading "D:\\Tech_mentor\\iit-mentor-connect\\app\\api\\payments\\create-order\\route.ts"
2026-03-31T09:28:12.113441Z  INFO tailwindcss_oxide::scanner: Reading "D:\\Tech_mentor\\iit-mentor-connect\\types\\api.types.ts"
2026-03-31T09:28:12.113441Z  INFO tailwindcss_oxide::scanner: Reading "D:\\Tech_mentor\\iit-mentor-connect\\app\\api\\webhooks\\calendly\\route.ts"
2026-03-31T09:28:12.113557Z  INFO tailwindcss_oxide::scanner: Reading "D:\\Tech_mentor\\iit-mentor-connect\\components\\dashboard\\PastSessionsWidget.tsx"
2026-03-31T09:28:12.113472Z  INFO tailwindcss_oxide::scanner: Reading "D:\\Tech_mentor\\iit-mentor-connect\\app\\layout.tsx"
2026-03-31T09:28:12.113499Z  INFO tailwindcss_oxide::scanner: Reading "D:\\Tech_mentor\\iit-mentor-connect\\app\\(admin)\\admin\\applications\\page.tsx"
2026-03-31T09:28:12.113610Z  INFO tailwindcss_oxide::scanner: Reading "D:\\Tech_mentor\\iit-mentor-connect\\app\\page.tsx"
2026-03-31T09:28:12.113563Z  INFO tailwindcss_oxide::scanner: Reading "D:\\Tech_mentor\\iit-mentor-connect\\app\\api\\bookings\\[bookingId]\\route.ts"
2026-03-31T09:28:12.113652Z  INFO tailwindcss_oxide::scanner: Reading "D:\\Tech_mentor\\iit-mentor-connect\\services\\webhook.service.ts"
2026-03-31T09:28:12.113610Z  INFO tailwindcss_oxide::scanner: Reading "D:\\Tech_mentor\\iit-mentor-connect\\app\\loading.tsx"
2026-03-31T09:28:12.113562Z  INFO tailwindcss_oxide::scanner: Reading "D:\\Tech_mentor\\iit-mentor-connect\\app\\(admin)\\admin\\users\\page.tsx"
2026-03-31T09:28:12.113685Z  INFO tailwindcss_oxide::scanner: Reading "D:\\Tech_mentor\\iit-mentor-connect\\next-env.d.ts"
2026-03-31T09:28:12.113699Z  INFO tailwindcss_oxide::scanner: Reading "D:\\Tech_mentor\\iit-mentor-connect\\app\\(auth)\\bookings\\[bookingId]\\page.tsx"
2026-03-31T09:28:12.113719Z  INFO tailwindcss_oxide::scanner: Reading "D:\\Tech_mentor\\iit-mentor-connect\\app\\(auth)\\book\\[mentorId]\\page.tsx"
2026-03-31T09:28:12.113519Z  INFO tailwindcss_oxide::scanner: Reading "D:\\Tech_mentor\\iit-mentor-connect\\app\\api\\dashboard\\student\\route.ts"
2026-03-31T09:28:12.113764Z  INFO tailwindcss_oxide::scanner: Reading "D:\\Tech_mentor\\iit-mentor-connect\\lib\\razorpay.ts"
2026-03-31T09:28:12.113806Z  INFO tailwindcss_oxide::scanner: Reading "D:\\Tech_mentor\\iit-mentor-connect\\types\\booking.types.ts"
2026-03-31T09:28:12.113826Z  INFO tailwindcss_oxide::scanner: Reading "D:\\Tech_mentor\\iit-mentor-connect\\app\\api\\cron\\complete-bookings\\route.ts"
2026-03-31T09:28:12.113831Z  INFO tailwindcss_oxide::scanner: Reading "D:\\Tech_mentor\\iit-mentor-connect\\app\\(admin)\\layout.tsx"
2026-03-31T09:28:12.113803Z  INFO tailwindcss_oxide::scanner: Reading "D:\\Tech_mentor\\iit-mentor-connect\\hooks\\useMentorDashboard.ts"
2026-03-31T09:28:12.113839Z  INFO tailwindcss_oxide::scanner: Reading "D:\\Tech_mentor\\iit-mentor-connect\\types\\mentor.types.ts"
2026-03-31T09:28:12.113889Z  INFO tailwindcss_oxide::scanner: Reading "D:\\Tech_mentor\\iit-mentor-connect\\app\\api\\debug\\create-mentor\\route.ts"
2026-03-31T09:28:12.113919Z  INFO tailwindcss_oxide::scanner: Reading "D:\\Tech_mentor\\iit-mentor-connect\\components\\dashboard\\StatsCard.tsx"
2026-03-31T09:28:12.113940Z  INFO tailwindcss_oxide::scanner: Reading "D:\\Tech_mentor\\iit-mentor-connect\\app\\(admin)\\admin\\bookings\\page.tsx"
2026-03-31T09:28:12.113953Z  INFO tailwindcss_oxide::scanner: Reading "D:\\Tech_mentor\\iit-mentor-connect\\lib\\security.ts"
2026-03-31T09:28:12.113993Z  INFO tailwindcss_oxide::scanner: Reading "D:\\Tech_mentor\\iit-mentor-connect\\tsconfig.json"
2026-03-31T09:28:12.114018Z  INFO tailwindcss_oxide::scanner: Reading "D:\\Tech_mentor\\iit-mentor-connect\\app\\(auth)\\dashboard\\page.tsx"
2026-03-31T09:28:12.114023Z  INFO tailwindcss_oxide::scanner: Reading "D:\\Tech_mentor\\iit-mentor-connect\\lib\\utils.ts"
2026-03-31T09:28:12.114031Z  INFO tailwindcss_oxide::scanner: Reading "D:\\Tech_mentor\\iit-mentor-connect\\types\\next-auth.d.ts"
2026-03-31T09:28:12.114041Z  INFO tailwindcss_oxide::scanner: Reading "D:\\Tech_mentor\\iit-mentor-connect\\app\\api\\me\\bookings\\route.ts"
2026-03-31T09:28:12.114043Z  INFO tailwindcss_oxide::scanner: Reading "D:\\Tech_mentor\\iit-mentor-connect\\app\\(auth)\\bookings\\page.tsx"
2026-03-31T09:28:12.114107Z  INFO tailwindcss_oxide::scanner: Reading "D:\\Tech_mentor\\iit-mentor-connect\\app\\api\\cron\\expire-pending-bookings\\route.ts"
2026-03-31T09:28:12.114134Z  INFO tailwindcss_oxide::scanner: Reading "D:\\Tech_mentor\\iit-mentor-connect\\lib\\session.ts"
2026-03-31T09:28:12.114360Z  INFO tailwindcss_oxide::scanner: Reading "D:\\Tech_mentor\\iit-mentor-connect\\app\\(auth)\\layout.tsx"
2026-03-31T09:28:12.114145Z  INFO tailwindcss_oxide::scanner: Reading "D:\\Tech_mentor\\iit-mentor-connect\\next.config.ts"
2026-03-31T09:28:12.113575Z  INFO tailwindcss_oxide::scanner: Reading "D:\\Tech_mentor\\iit-mentor-connect\\check-db.js"
2026-03-31T09:28:12.113575Z  INFO tailwindcss_oxide::scanner: Reading "D:\\Tech_mentor\\iit-mentor-connect\\app\\(mentor)\\mentor\\profile\\page.tsx"
2026-03-31T09:28:12.114199Z  INFO tailwindcss_oxide::scanner: Reading "D:\\Tech_mentor\\iit-mentor-connect\\types\\payment.types.ts"
2026-03-31T09:28:12.114518Z  INFO tailwindcss_oxide::scanner: Reading "D:\\Tech_mentor\\iit-mentor-connect\\app\\api\\dashboard\\mentor\\route.ts"
2026-03-31T09:28:12.114224Z  INFO tailwindcss_oxide::scanner: Reading "D:\\Tech_mentor\\iit-mentor-connect\\app\\api\\admin\\bookings\\route.ts"
2026-03-31T09:28:12.114265Z  INFO tailwindcss_oxide::scanner: Reading "D:\\Tech_mentor\\iit-mentor-connect\\components\\dashboard\\UpcomingSessionsWidget.tsx"
2026-03-31T09:28:12.114588Z  INFO tailwindcss_oxide::scanner: Reading "D:\\Tech_mentor\\iit-mentor-connect\\components\\auth\\LogoutButton.tsx"
2026-03-31T09:28:12.114612Z  INFO tailwindcss_oxide::scanner: Reading "D:\\Tech_mentor\\iit-mentor-connect\\app\\(public)\\layout.tsx"
2026-03-31T09:28:12.114629Z  INFO tailwindcss_oxide::scanner: Reading "D:\\Tech_mentor\\iit-mentor-connect\\package.json"
2026-03-31T09:28:12.114290Z  INFO tailwindcss_oxide::scanner: Reading "D:\\Tech_mentor\\iit-mentor-connect\\app\\api\\me\\profile\\route.ts"
2026-03-31T09:28:12.114294Z  INFO tailwindcss_oxide::scanner: Reading "D:\\Tech_mentor\\iit-mentor-connect\\app\\(admin)\\admin\\page.tsx"
2026-03-31T09:28:12.114690Z  INFO tailwindcss_oxide::scanner: Reading "D:\\Tech_mentor\\iit-mentor-connect\\app\\signin\\page.tsx"
2026-03-31T09:28:12.114372Z  INFO tailwindcss_oxide::scanner: Reading "D:\\Tech_mentor\\iit-mentor-connect\\components\\mentor\\MentorFilters.tsx"
2026-03-31T09:28:12.114740Z  INFO tailwindcss_oxide::scanner: Reading "D:\\Tech_mentor\\iit-mentor-connect\\app\\(public)\\mentors\\page.tsx"
2026-03-31T09:28:12.114518Z  INFO tailwindcss_oxide::scanner: Reading "D:\\Tech_mentor\\iit-mentor-connect\\lib\\supabase.ts"
2026-03-31T09:28:12.114216Z  INFO tailwindcss_oxide::scanner: Reading "D:\\Tech_mentor\\iit-mentor-connect\\lib\\validators\\admin.validator.ts"
2026-03-31T09:28:12.114640Z  INFO tailwindcss_oxide::scanner: Reading "D:\\Tech_mentor\\iit-mentor-connect\\types\\user.types.ts"
2026-03-31T09:28:12.114308Z  INFO tailwindcss_oxide::scanner: Reading "D:\\Tech_mentor\\iit-mentor-connect\\hooks\\useMentors.ts"
2026-03-31T09:28:12.114134Z  INFO tailwindcss_oxide::scanner: Reading "D:\\Tech_mentor\\iit-mentor-connect\\types\\index.ts"
2026-03-31T09:28:12.114716Z  INFO tailwindcss_oxide::scanner: Reading "D:\\Tech_mentor\\iit-mentor-connect\\app\\api\\admin\\bookings\\[bookingId]\\complete\\route.ts"
2026-03-31T09:28:12.114417Z  INFO tailwindcss_oxide::scanner: Reading "D:\\Tech_mentor\\iit-mentor-connect\\app\\providers.tsx"
2026-03-31T09:28:12.114779Z  INFO tailwindcss_oxide::scanner: Reading "D:\\Tech_mentor\\iit-mentor-connect\\components\\booking\\BookingFlow.tsx"
2026-03-31T09:28:12.114819Z  INFO tailwindcss_oxide::scanner: Reading "D:\\Tech_mentor\\iit-mentor-connect\\app\\api\\mentors\\application-status\\route.ts"
2026-03-31T09:28:12.114971Z  INFO tailwindcss_oxide::scanner: Reading "D:\\Tech_mentor\\iit-mentor-connect\\prisma.config.ts"
2026-03-31T09:28:12.114854Z  INFO tailwindcss_oxide::scanner: Reading "D:\\Tech_mentor\\iit-mentor-connect\\public\\vercel.svg"
2026-03-31T09:28:12.114865Z  INFO tailwindcss_oxide::scanner: Reading "D:\\Tech_mentor\\iit-mentor-connect\\app\\(public)\\mentors\\[mentorId]\\page.tsx"
2026-03-31T09:28:12.115072Z  INFO tailwindcss_oxide::scanner: Reading "D:\\Tech_mentor\\iit-mentor-connect\\app\\(mentor)\\apply\\page.tsx"
2026-03-31T09:28:12.115033Z  INFO tailwindcss_oxide::scanner: Reading "D:\\Tech_mentor\\iit-mentor-connect\\components\\mentor\\MentorCardSkeleton.tsx"
2026-03-31T09:28:12.115087Z  INFO tailwindcss_oxide::scanner: Reading "D:\\Tech_mentor\\iit-mentor-connect\\app\\api\\admin\\users\\route.ts"
2026-03-31T09:28:12.114919Z  INFO tailwindcss_oxide::scanner: Reading "D:\\Tech_mentor\\iit-mentor-connect\\components\\mentor\\MentorCard.tsx"
2026-03-31T09:28:12.115151Z  INFO tailwindcss_oxide::scanner: Reading "D:\\Tech_mentor\\iit-mentor-connect\\components\\booking\\CompletePaymentButton.tsx"
2026-03-31T09:28:12.115152Z  INFO tailwindcss_oxide::scanner: Reading "D:\\Tech_mentor\\iit-mentor-connect\\lib\\validators\\booking.validator.ts"
2026-03-31T09:28:12.115241Z  INFO tailwindcss_oxide::scanner: Reading "D:\\Tech_mentor\\iit-mentor-connect\\app\\api\\auth\\[...nextauth]\\route.ts"
2026-03-31T09:28:12.115032Z  INFO tailwindcss_oxide::scanner: Reading "D:\\Tech_mentor\\iit-mentor-connect\\vercel.json"
2026-03-31T09:28:12.115268Z  INFO tailwindcss_oxide::scanner: Reading "D:\\Tech_mentor\\iit-mentor-connect\\app\\api\\admin\\applications\\[applicationId]\\approve\\route.ts"
2026-03-31T09:28:12.115188Z  INFO tailwindcss_oxide::scanner: Reading "D:\\Tech_mentor\\iit-mentor-connect\\app\\api\\mentors\\apply\\route.ts"
2026-03-31T09:28:12.115328Z  INFO tailwindcss_oxide::scanner: Reading "D:\\Tech_mentor\\iit-mentor-connect\\app\\api\\mentors\\route.ts"
2026-03-31T09:28:12.115382Z  INFO tailwindcss_oxide::scanner: Reading "D:\\Tech_mentor\\iit-mentor-connect\\components\\booking\\CompleteSessionButton.tsx"
2026-03-31T09:28:12.115232Z  INFO tailwindcss_oxide::scanner: Reading "D:\\Tech_mentor\\iit-mentor-connect\\hooks\\useStudentDashboard.ts"
2026-03-31T09:28:12.115438Z  INFO tailwindcss_oxide::scanner: Reading "D:\\Tech_mentor\\iit-mentor-connect\\payload.json"
2026-03-31T09:28:12.115234Z  INFO tailwindcss_oxide::scanner: Reading "D:\\Tech_mentor\\iit-mentor-connect\\components\\mentor\\MentorGrid.tsx"
2026-03-31T09:28:12.115312Z  INFO tailwindcss_oxide::scanner: Reading "D:\\Tech_mentor\\iit-mentor-connect\\app\\(mentor)\\apply\\status\\page.tsx"
2026-03-31T09:28:12.115122Z  INFO tailwindcss_oxide::scanner: Reading "D:\\Tech_mentor\\iit-mentor-connect\\public\\file.svg"
2026-03-31T09:28:12.115384Z  INFO tailwindcss_oxide::scanner: Reading "D:\\Tech_mentor\\iit-mentor-connect\\app\\api\\auth\\me\\route.ts"
2026-03-31T09:28:12.115553Z  INFO tailwindcss_oxide::scanner: Reading "D:\\Tech_mentor\\iit-mentor-connect\\app\\(mentor)\\mentor\\bookings\\page.tsx"
2026-03-31T09:28:12.115407Z  INFO tailwindcss_oxide::scanner: Reading "D:\\Tech_mentor\\iit-mentor-connect\\app\\api\\bookings\\cancel\\route.ts"
2026-03-31T09:28:12.115225Z  INFO tailwindcss_oxide::scanner: Reading "D:\\Tech_mentor\\iit-mentor-connect\\app\\(public)\\page.tsx"
2026-03-31T09:28:12.115619Z  INFO tailwindcss_oxide::scanner: Reading "D:\\Tech_mentor\\iit-mentor-connect\\postcss.config.mjs"
2026-03-31T09:28:12.115617Z  INFO tailwindcss_oxide::scanner: Reading "D:\\Tech_mentor\\iit-mentor-connect\\public\\globe.svg"
2026-03-31T09:28:12.115485Z  INFO tailwindcss_oxide::scanner: Reading "D:\\Tech_mentor\\iit-mentor-connect\\public\\window.svg"
2026-03-31T09:28:12.115502Z  INFO tailwindcss_oxide::scanner: Reading "D:\\Tech_mentor\\iit-mentor-connect\\app\\api\\admin\\applications\\route.ts"
2026-03-31T09:28:12.115702Z  INFO tailwindcss_oxide::scanner: Reading "D:\\Tech_mentor\\iit-mentor-connect\\app\\api\\mentors\\[mentorId]\\availability\\route.ts"
2026-03-31T09:28:12.115409Z  INFO tailwindcss_oxide::scanner: Reading "D:\\Tech_mentor\\iit-mentor-connect\\lib\\validators\\mentor.validator.ts"
2026-03-31T09:28:12.115763Z  INFO tailwindcss_oxide::scanner: Reading "D:\\Tech_mentor\\iit-mentor-connect\\constants\\pricing.ts"
2026-03-31T09:28:12.115772Z  INFO tailwindcss_oxide::scanner: Reading "D:\\Tech_mentor\\iit-mentor-connect\\app\\api\\bookings\\complete\\route.ts"
2026-03-31T09:28:12.115469Z  INFO tailwindcss_oxide::scanner: Reading "D:\\Tech_mentor\\iit-mentor-connect\\app\\api\\admin\\applications\\[applicationId]\\reject\\route.ts"
2026-03-31T09:28:12.115548Z  INFO tailwindcss_oxide::scanner: Reading "D:\\Tech_mentor\\iit-mentor-connect\\README.md"
2026-03-31T09:28:12.115859Z  INFO tailwindcss_oxide::scanner: Reading "D:\\Tech_mentor\\iit-mentor-connect\\public\\next.svg"
2026-03-31T09:28:12.115885Z  INFO tailwindcss_oxide::scanner: Reading "D:\\Tech_mentor\\iit-mentor-connect\\constants\\iitOptions.ts"
2026-03-31T09:28:12.115776Z  INFO tailwindcss_oxide::scanner: Reading "D:\\Tech_mentor\\iit-mentor-connect\\lib\\api-response.ts"
2026-03-31T09:28:12.115612Z  INFO tailwindcss_oxide::scanner: Reading "D:\\Tech_mentor\\iit-mentor-connect\\constants\\bookingStatus.ts"
2026-03-31T09:28:12.115781Z  INFO tailwindcss_oxide::scanner: Reading "D:\\Tech_mentor\\iit-mentor-connect\\app\\(mentor)\\mentor\\dashboard\\page.tsx"
2026-03-31T09:28:12.115829Z  INFO tailwindcss_oxide::scanner: Reading "D:\\Tech_mentor\\iit-mentor-connect\\app\\(mentor)\\layout.tsx"
2026-03-31T09:28:12.115755Z  INFO tailwindcss_oxide::scanner: Reading "D:\\Tech_mentor\\iit-mentor-connect\\prisma\\schema.prisma"
2026-03-31T09:28:12.115909Z  INFO tailwindcss_oxide::scanner: Reading "D:\\Tech_mentor\\iit-mentor-connect\\constants\\roles.ts"
2026-03-31T09:28:12.116034Z  INFO tailwindcss_oxide::scanner: Reading "D:\\Tech_mentor\\iit-mentor-connect\\hooks\\useDebounce.ts"
2026-03-31T09:28:12.116094Z  INFO tailwindcss_oxide::scanner: Reading "D:\\Tech_mentor\\iit-mentor-connect\\app\\api\\bookings\\create\\route.ts"
2026-03-31T09:28:12.116093Z  INFO tailwindcss_oxide::scanner: Reading "D:\\Tech_mentor\\iit-mentor-connect\\db_pull_error.txt"
2026-03-31T09:28:12.116118Z  INFO tailwindcss_oxide::scanner: Reading "D:\\Tech_mentor\\iit-mentor-connect\\lib\\validators\\otp.validator.ts"
2026-03-31T09:28:12.116145Z  INFO tailwindcss_oxide::scanner: Reading "D:\\Tech_mentor\\iit-mentor-connect\\scripts\\seed-otp-booking.ts"
2026-03-31T09:28:12.116218Z  INFO tailwindcss_oxide::scanner: Reading "D:\\Tech_mentor\\iit-mentor-connect\\lib\\hmac.ts"
2026-03-31T09:28:12.116250Z  INFO tailwindcss_oxide::scanner: Reading "D:\\Tech_mentor\\iit-mentor-connect\\lib\\prisma.ts"
2026-03-31T09:28:12.116382Z  INFO tailwindcss_oxide::scanner: Reading "D:\\Tech_mentor\\iit-mentor-connect\\lib\\auth.ts"
2026-03-31T09:28:12.116403Z  INFO tailwindcss_oxide::scanner: Reading "D:\\Tech_mentor\\iit-mentor-connect\\lib\\cron-auth.ts"
2026-03-31T09:28:12.116541Z  INFO discover_sources: tailwindcss_oxide::scanner: exit
2026-03-31T09:28:12.116560Z  INFO extract_candidates: tailwindcss_oxide::scanner: enter
2026-03-31T09:28:12.116568Z  INFO extract_candidates:parse_all_blobs: tailwindcss_oxide::scanner: enter
2026-03-31T09:28:12.116578Z  INFO extract_candidates:parse_all_blobs:extract: tailwindcss_oxide::scanner: enter
2026-03-31T09:28:12.136047Z  INFO extract_candidates:parse_all_blobs:extract: tailwindcss_oxide::scanner: exit
2026-03-31T09:28:12.136210Z  INFO extract_candidates:parse_all_blobs: tailwindcss_oxide::scanner: exit
2026-03-31T09:28:12.136229Z  INFO extract_candidates:read_all_files: tailwindcss_oxide::scanner: enter
2026-03-31T09:28:12.136236Z  INFO extract_candidates:read_all_files: tailwindcss_oxide::scanner: Reading 2 file(s)
2026-03-31T09:28:12.136596Z  INFO tailwindcss_oxide::scanner: Reading "D:\\Tech_mentor\\iit-mentor-connect\\app\\(mentor)\\apply\\apply.css"
2026-03-31T09:28:12.136602Z  INFO tailwindcss_oxide::scanner: Reading "D:\\Tech_mentor\\iit-mentor-connect\\app\\globals.css"
2026-03-31T09:28:12.136648Z  INFO extract_candidates:read_all_files: tailwindcss_oxide::scanner: exit
2026-03-31T09:28:12.136679Z  INFO extract_candidates:extract_css_variables: tailwindcss_oxide::scanner: enter
2026-03-31T09:28:12.136688Z  INFO extract_candidates:extract_css_variables:extract: tailwindcss_oxide::scanner: enter
2026-03-31T09:28:12.136968Z  INFO extract_candidates:extract_css_variables:extract: tailwindcss_oxide::scanner: exit
2026-03-31T09:28:12.137003Z  INFO extract_candidates:extract_css_variables: tailwindcss_oxide::scanner: exit
2026-03-31T09:28:12.137454Z  INFO extract_candidates: tailwindcss_oxide::scanner: exit
2026-03-31T09:28:12.138516Z  INFO get_files: tailwindcss_oxide::scanner: enter
2026-03-31T09:28:12.138550Z  INFO get_files:discover_sources: tailwindcss_oxide::scanner: enter
2026-03-31T09:28:12.138556Z  INFO get_files:discover_sources: tailwindcss_oxide::scanner: exit
2026-03-31T09:28:12.138749Z  INFO get_files: tailwindcss_oxide::scanner: exit
2026-03-31T09:28:12.139451Z  INFO get_globs: tailwindcss_oxide::scanner: enter
2026-03-31T09:28:12.139463Z  INFO get_globs:discover_sources: tailwindcss_oxide::scanner: enter
2026-03-31T09:28:12.139469Z  INFO get_globs:discover_sources: tailwindcss_oxide::scanner: exit
2026-03-31T09:28:12.168174Z  INFO get_globs: tailwindcss_oxide::scanner: exit
